<?xml version="1.0" encoding="UTF-8"?>
<!-- Generated by org.testng.reporters.JUnitReportReporter -->
<testsuite hostname="Medge351" failures="0" tests="2" name="Mindtree.ProjectFramework.HomePage" time="6.229" errors="0" timestamp="2022-07-18T03:06:51 GMT+05:30" skipped="0">
  <testcase classname="Mindtree.ProjectFramework.HomePage" name="smileFunctionality" time="2.787"/>
  <system-out/>
  <testcase classname="Mindtree.ProjectFramework.HomePage" name="basePageNavigation" time="3.442"/>
  <system-out/>
</testsuite> <!-- Mindtree.ProjectFramework.HomePage -->
